#
# There is insufficient memory for the Java Runtime Environment to continue.
# Native memory allocation (mmap) failed to map 4294967296 bytes. Error detail: committing reserved memory.
# Possible reasons:
#   The system is out of physical RAM or swap space
#   This process is running with CompressedOops enabled, and the Java Heap may be blocking the growth of the native heap
# Possible solutions:
#   Reduce memory load on the system
#   Increase physical memory or swap space
#   Check if swap backing store is full
#   Decrease Java heap size (-Xmx/-Xms)
#   Decrease number of Java threads
#   Decrease Java thread stack sizes (-Xss)
#   Set larger code cache with -XX:ReservedCodeCacheSize=
#   JVM is running with Zero Based Compressed Oops mode in which the Java heap is
#     placed in the first 32GB address space. The Java Heap base address is the
#     maximum limit for the native heap growth. Please use -XX:HeapBaseMinAddress
#     to set the Java Heap base and to place the Java Heap above 32GB virtual address.
# This output file may be truncated or incomplete.
#
#  Out of Memory Error (os_linux.cpp:2829), pid=34662, tid=34663
#
# JRE version:  (21.0.7+6) (build )
# Java VM: OpenJDK 64-Bit Server VM (21.0.7+6-Ubuntu-0ubuntu122.04, mixed mode, sharing, tiered, compressed oops, compressed class ptrs, g1 gc, linux-amd64)
# Core dump will be written. Default location: Core dumps may be processed with "/usr/share/apport/apport -p%p -s%s -c%c -d%d -P%P -u%u -g%g -F%F -- %E" (or dumping to /root/minecraft/core.34662)
#

---------------  S U M M A R Y ------------

Command Line: -Xms4G -Xmx4G server.jar nogui

Host: Intel Xeon Processor (Skylake, IBRS), 2 cores, 3G, Ubuntu 22.04.5 LTS
Time: Tue Jul 22 13:15:46 2025 UTC elapsed time: 0.023443 seconds (0d 0h 0m 0s)

---------------  T H R E A D  ---------------

Current thread (0x00007fb368018ea0):  JavaThread "Unknown thread" [_thread_in_vm, id=34663, stack(0x00007fb36cd36000,0x00007fb36ce36000) (1024K)]

Stack: [0x00007fb36cd36000,0x00007fb36ce36000],  sp=0x00007fb36ce34490,  free space=1017k
Native frames: (J=compiled Java code, j=interpreted, Vv=VM code, C=native code)
V  [libjvm.so+0x10144fb]  VMError::report_and_die(int, char const*, char const*, __va_list_tag*, Thread*, unsigned char*, void*, void*, char const*, int, unsigned long)+0x27b  (os_linux.cpp:2829)
V  [libjvm.so+0x1014f71]
V  [libjvm.so+0x6add01]
V  [libjvm.so+0xcfcc00]  os::pd_commit_memory_or_exit(char*, unsigned long, unsigned long, bool, char const*)+0xe0
V  [libjvm.so+0xcf642f]  os::commit_memory_or_exit(char*, unsigned long, unsigned long, bool, char const*)+0x1f
V  [libjvm.so+0x80c85b]  G1PageBasedVirtualSpace::commit(unsigned long, unsigned long)+0x5b
V  [libjvm.so+0x822b1b]  G1RegionsLargerThanCommitSizeMapper::commit_regions(unsigned int, unsigned long, WorkerThreads*)+0xab
V  [libjvm.so+0x8b52ca]  HeapRegionManager::commit_regions(unsigned int, unsigned long, WorkerThreads*)+0x5a
V  [libjvm.so+0x8b6f4f]  HeapRegionManager::expand(unsigned int, unsigned int, WorkerThreads*)+0x2f
V  [libjvm.so+0x8b7177]  HeapRegionManager::expand_by(unsigned int, WorkerThreads*)+0x77
V  [libjvm.so+0x7c273c]  G1CollectedHeap::expand(unsigned long, WorkerThreads*, double*)+0xfc
V  [libjvm.so+0x7c2ce3]  G1CollectedHeap::initialize()+0x553
V  [libjvm.so+0xfb7f29]  universe_init()+0xd9
V  [libjvm.so+0x8d586a]  init_globals()+0x3a
V  [libjvm.so+0xf96b18]  Threads::create_vm(JavaVMInitArgs*, bool*)+0x278
V  [libjvm.so+0x9b2003]  JNI_CreateJavaVM+0x53
C  [libjli.so+0x4613]  JavaMain+0x93
C  [libjli.so+0x83ed]  ThreadJavaMain+0xd

---------------  P R O C E S S  ---------------

Threads class SMR info:
_java_thread_list=0x00007fb36e6afd00, length=0, elements={
}

Java Threads: ( => current thread )
Total: 0

Other Threads:
  0x00007fb368081e50 WorkerThread "GC Thread#0"                     [id=34664, stack(0x00007fb34c0de000,0x00007fb34c1de000) (1024K)]
  0x00007fb368093410 ConcurrentGCThread "G1 Main Marker"            [id=34665, stack(0x00007fb347f00000,0x00007fb348000000) (1024K)]
  0x00007fb3680943b0 WorkerThread "G1 Conc#0"                       [id=34666, stack(0x00007fb347dff000,0x00007fb347eff000) (1024K)]

[error occurred during error reporting (printing all threads), id 0xb, SIGSEGV (0xb) at pc=0x00007fb36d946c54]
VM state: not at safepoint (not fully initialized)

VM Mutex/Monitor currently owned by a thread:  ([mutex/lock_event])
[0x00007fb36e689bf0] Heap_lock - owner thread: 0x00007fb368018ea0

Heap address: 0x0000000700000000, size: 4096 MB, Compressed Oops mode: Zero based, Oop shift amount: 3

CDS archive(s) mapped at: [0x0000000000000000-0x0000000000000000-0x0000000000000000), size 0, SharedBaseAddress: 0x0000000800000000, ArchiveRelocationMode: 1.
Narrow klass base: 0x0000000000000000, Narrow klass shift: 0, Narrow klass range: 0x0

GC Precious Log:
 CardTable entry size: 512
 Card Set container configuration: InlinePtr #cards 4 size 8 Array Of Cards #cards 16 size 48 Howl #buckets 8 coarsen threshold 3686 Howl Bitmap #cards 512 size 80 coarsen threshold 460 Card regions per heap region 1 cards per card region 4096

Heap:
 garbage-first heap   total 0K, used 0K [0x0000000700000000, 0x0000000800000000)
  region size 2048K, 0 young (0K), 0 survivors (0K)

[error occurred during error reporting (printing heap information), id 0xb, SIGSEGV (0xb) at pc=0x00007fb36df10fde]
GC Heap History (0 events):
No events

Dll operation events (1 events):
Event: 0.004 Loaded shared library /usr/lib/jvm/java-21-openjdk-amd64/lib/libjava.so

Deoptimization events (0 events):
No events

Classes loaded (0 events):
No events

Classes unloaded (0 events):
No events

Classes redefined (0 events):
No events

Internal exceptions (0 events):
No events

ZGC Phase Switch (0 events):
No events

VM Operations (0 events):
No events

Memory protections (1 events):
Event: 0.003 Protecting memory [0x00007fb36cd36000,0x00007fb36cd3a000] with protection modes 0

Nmethod flushes (0 events):
No events

Events (0 events):
No events


Dynamic libraries:
557d3729a000-557d3729b000 r--p 00000000 08:01 256196                     /usr/lib/jvm/java-21-openjdk-amd64/bin/java
557d3729b000-557d3729c000 r-xp 00001000 08:01 256196                     /usr/lib/jvm/java-21-openjdk-amd64/bin/java
557d3729c000-557d3729d000 r--p 00002000 08:01 256196                     /usr/lib/jvm/java-21-openjdk-amd64/bin/java
557d3729d000-557d3729e000 r--p 00002000 08:01 256196                     /usr/lib/jvm/java-21-openjdk-amd64/bin/java
557d3729e000-557d3729f000 rw-p 00003000 08:01 256196                     /usr/lib/jvm/java-21-openjdk-amd64/bin/java
557d5e642000-557d5e689000 rw-p 00000000 00:00 0                          [heap]
7fb338000000-7fb338021000 rw-p 00000000 00:00 0 
7fb338021000-7fb33c000000 ---p 00000000 00:00 0 
7fb340000000-7fb340021000 rw-p 00000000 00:00 0 
7fb340021000-7fb344000000 ---p 00000000 00:00 0 
7fb345798000-7fb347dfe000 rw-p 00000000 00:00 0 
7fb347dfe000-7fb347dff000 ---p 00000000 00:00 0 
7fb347dff000-7fb347eff000 rw-p 00000000 00:00 0 
7fb347eff000-7fb347f00000 ---p 00000000 00:00 0 
7fb347f00000-7fb348000000 rw-p 00000000 00:00 0 
7fb348000000-7fb348021000 rw-p 00000000 00:00 0 
7fb348021000-7fb34c000000 ---p 00000000 00:00 0 
7fb34c0dd000-7fb34c0de000 ---p 00000000 00:00 0 
7fb34c0de000-7fb34c1de000 rw-p 00000000 00:00 0 
7fb34c1de000-7fb3509de000 ---p 00000000 00:00 0 
7fb3509de000-7fb350c4e000 rwxp 00000000 00:00 0 
7fb350c4e000-7fb357f16000 ---p 00000000 00:00 0 
7fb357f16000-7fb358186000 rwxp 00000000 00:00 0 
7fb358186000-7fb3584a5000 ---p 00000000 00:00 0 
7fb3584a5000-7fb358715000 rwxp 00000000 00:00 0 
7fb358715000-7fb35f9de000 ---p 00000000 00:00 0 
7fb35f9de000-7fb368000000 r--s 00000000 08:01 256346                     /usr/lib/jvm/java-21-openjdk-amd64/lib/modules
7fb368000000-7fb3680aa000 rw-p 00000000 00:00 0 
7fb3680aa000-7fb36c000000 ---p 00000000 00:00 0 
7fb36c0d8000-7fb36c11d000 rw-p 00000000 00:00 0 
7fb36c11d000-7fb36c91d000 ---p 00000000 00:00 0 
7fb36c91d000-7fb36cb24000 rw-p 00000000 00:00 0 
7fb36cb24000-7fb36cc0a000 ---p 00000000 00:00 0 
7fb36cc0a000-7fb36cc0f000 rw-p 00000000 00:00 0 
7fb36cc0f000-7fb36ccf5000 ---p 00000000 00:00 0 
7fb36ccf5000-7fb36ccfa000 rw-p 00000000 00:00 0 
7fb36ccfa000-7fb36cd01000 ---p 00000000 00:00 0 
7fb36cd01000-7fb36cd0e000 r--p 00000000 08:01 256323                     /usr/lib/jvm/java-21-openjdk-amd64/lib/libjava.so
7fb36cd0e000-7fb36cd1c000 r-xp 0000d000 08:01 256323                     /usr/lib/jvm/java-21-openjdk-amd64/lib/libjava.so
7fb36cd1c000-7fb36cd21000 r--p 0001b000 08:01 256323                     /usr/lib/jvm/java-21-openjdk-amd64/lib/libjava.so
7fb36cd21000-7fb36cd22000 ---p 00020000 08:01 256323                     /usr/lib/jvm/java-21-openjdk-amd64/lib/libjava.so
7fb36cd22000-7fb36cd23000 r--p 00020000 08:01 256323                     /usr/lib/jvm/java-21-openjdk-amd64/lib/libjava.so
7fb36cd23000-7fb36cd24000 rw-p 00021000 08:01 256323                     /usr/lib/jvm/java-21-openjdk-amd64/lib/libjava.so
7fb36cd24000-7fb36cd25000 rw-p 00000000 00:00 0 
7fb36cd25000-7fb36cd2d000 rw-s 00000000 08:01 257049                     /tmp/hsperfdata_root/34662
7fb36cd2d000-7fb36cd2f000 r--p 00000000 08:01 256326                     /usr/lib/jvm/java-21-openjdk-amd64/lib/libjimage.so
7fb36cd2f000-7fb36cd32000 r-xp 00002000 08:01 256326                     /usr/lib/jvm/java-21-openjdk-amd64/lib/libjimage.so
7fb36cd32000-7fb36cd33000 r--p 00005000 08:01 256326                     /usr/lib/jvm/java-21-openjdk-amd64/lib/libjimage.so
7fb36cd33000-7fb36cd34000 ---p 00006000 08:01 256326                     /usr/lib/jvm/java-21-openjdk-amd64/lib/libjimage.so
7fb36cd34000-7fb36cd35000 r--p 00006000 08:01 256326                     /usr/lib/jvm/java-21-openjdk-amd64/lib/libjimage.so
7fb36cd35000-7fb36cd36000 rw-p 00007000 08:01 256326                     /usr/lib/jvm/java-21-openjdk-amd64/lib/libjimage.so
7fb36cd36000-7fb36cd3a000 ---p 00000000 00:00 0 
7fb36cd3a000-7fb36ce36000 rw-p 00000000 00:00 0 
7fb36ce36000-7fb36ce39000 r--p 00000000 08:01 11251                      /usr/lib/x86_64-linux-gnu/libgcc_s.so.1
7fb36ce39000-7fb36ce50000 r-xp 00003000 08:01 11251                      /usr/lib/x86_64-linux-gnu/libgcc_s.so.1
7fb36ce50000-7fb36ce54000 r--p 0001a000 08:01 11251                      /usr/lib/x86_64-linux-gnu/libgcc_s.so.1
7fb36ce54000-7fb36ce55000 r--p 0001d000 08:01 11251                      /usr/lib/x86_64-linux-gnu/libgcc_s.so.1
7fb36ce55000-7fb36ce56000 rw-p 0001e000 08:01 11251                      /usr/lib/x86_64-linux-gnu/libgcc_s.so.1
7fb36ce56000-7fb36ce64000 r--p 00000000 08:01 28710                      /usr/lib/x86_64-linux-gnu/libm.so.6
7fb36ce64000-7fb36cee0000 r-xp 0000e000 08:01 28710                      /usr/lib/x86_64-linux-gnu/libm.so.6
7fb36cee0000-7fb36cf3b000 r--p 0008a000 08:01 28710                      /usr/lib/x86_64-linux-gnu/libm.so.6
7fb36cf3b000-7fb36cf3c000 r--p 000e4000 08:01 28710                      /usr/lib/x86_64-linux-gnu/libm.so.6
7fb36cf3c000-7fb36cf3d000 rw-p 000e5000 08:01 28710                      /usr/lib/x86_64-linux-gnu/libm.so.6
7fb36cf3d000-7fb36cfd7000 r--p 00000000 08:01 11409                      /usr/lib/x86_64-linux-gnu/libstdc++.so.6.0.30
7fb36cfd7000-7fb36d0e8000 r-xp 0009a000 08:01 11409                      /usr/lib/x86_64-linux-gnu/libstdc++.so.6.0.30
7fb36d0e8000-7fb36d157000 r--p 001ab000 08:01 11409                      /usr/lib/x86_64-linux-gnu/libstdc++.so.6.0.30
7fb36d157000-7fb36d158000 ---p 0021a000 08:01 11409                      /usr/lib/x86_64-linux-gnu/libstdc++.so.6.0.30
7fb36d158000-7fb36d163000 r--p 0021a000 08:01 11409                      /usr/lib/x86_64-linux-gnu/libstdc++.so.6.0.30
7fb36d163000-7fb36d166000 rw-p 00225000 08:01 11409                      /usr/lib/x86_64-linux-gnu/libstdc++.so.6.0.30
7fb36d166000-7fb36d169000 rw-p 00000000 00:00 0 
7fb36d169000-7fb36d40a000 r--p 00000000 08:01 256352                     /usr/lib/jvm/java-21-openjdk-amd64/lib/server/libjvm.so
7fb36d40a000-7fb36e27c000 r-xp 002a1000 08:01 256352                     /usr/lib/jvm/java-21-openjdk-amd64/lib/server/libjvm.so
7fb36e27c000-7fb36e554000 r--p 01113000 08:01 256352                     /usr/lib/jvm/java-21-openjdk-amd64/lib/server/libjvm.so
7fb36e554000-7fb36e555000 ---p 013eb000 08:01 256352                     /usr/lib/jvm/java-21-openjdk-amd64/lib/server/libjvm.so
7fb36e555000-7fb36e628000 r--p 013eb000 08:01 256352                     /usr/lib/jvm/java-21-openjdk-amd64/lib/server/libjvm.so
7fb36e628000-7fb36e658000 rw-p 014be000 08:01 256352                     /usr/lib/jvm/java-21-openjdk-amd64/lib/server/libjvm.so
7fb36e658000-7fb36e6c0000 rw-p 00000000 00:00 0 
7fb36e6c0000-7fb36e6e8000 r--p 00000000 08:01 28707                      /usr/lib/x86_64-linux-gnu/libc.so.6
7fb36e6e8000-7fb36e87d000 r-xp 00028000 08:01 28707                      /usr/lib/x86_64-linux-gnu/libc.so.6
7fb36e87d000-7fb36e8d5000 r--p 001bd000 08:01 28707                      /usr/lib/x86_64-linux-gnu/libc.so.6
7fb36e8d5000-7fb36e8d6000 ---p 00215000 08:01 28707                      /usr/lib/x86_64-linux-gnu/libc.so.6
7fb36e8d6000-7fb36e8da000 r--p 00215000 08:01 28707                      /usr/lib/x86_64-linux-gnu/libc.so.6
7fb36e8da000-7fb36e8dc000 rw-p 00219000 08:01 28707                      /usr/lib/x86_64-linux-gnu/libc.so.6
7fb36e8dc000-7fb36e8e9000 rw-p 00000000 00:00 0 
7fb36e8e9000-7fb36e8eb000 r--p 00000000 08:01 256327                     /usr/lib/jvm/java-21-openjdk-amd64/lib/libjli.so
7fb36e8eb000-7fb36e8f5000 r-xp 00002000 08:01 256327                     /usr/lib/jvm/java-21-openjdk-amd64/lib/libjli.so
7fb36e8f5000-7fb36e8f8000 r--p 0000c000 08:01 256327                     /usr/lib/jvm/java-21-openjdk-amd64/lib/libjli.so
7fb36e8f8000-7fb36e8f9000 ---p 0000f000 08:01 256327                     /usr/lib/jvm/java-21-openjdk-amd64/lib/libjli.so
7fb36e8f9000-7fb36e8fa000 r--p 0000f000 08:01 256327                     /usr/lib/jvm/java-21-openjdk-amd64/lib/libjli.so
7fb36e8fa000-7fb36e8fb000 rw-p 00010000 08:01 256327                     /usr/lib/jvm/java-21-openjdk-amd64/lib/libjli.so
7fb36e8fb000-7fb36e8fd000 r--p 00000000 08:01 11458                      /usr/lib/x86_64-linux-gnu/libz.so.1.2.11
7fb36e8fd000-7fb36e90e000 r-xp 00002000 08:01 11458                      /usr/lib/x86_64-linux-gnu/libz.so.1.2.11
7fb36e90e000-7fb36e914000 r--p 00013000 08:01 11458                      /usr/lib/x86_64-linux-gnu/libz.so.1.2.11
7fb36e914000-7fb36e915000 ---p 00019000 08:01 11458                      /usr/lib/x86_64-linux-gnu/libz.so.1.2.11
7fb36e915000-7fb36e916000 r--p 00019000 08:01 11458                      /usr/lib/x86_64-linux-gnu/libz.so.1.2.11
7fb36e916000-7fb36e917000 rw-p 0001a000 08:01 11458                      /usr/lib/x86_64-linux-gnu/libz.so.1.2.11
7fb36e91a000-7fb36e91b000 ---p 00000000 00:00 0 
7fb36e91b000-7fb36e91c000 r--p 00000000 00:00 0 
7fb36e91c000-7fb36e91e000 rw-p 00000000 00:00 0 
7fb36e91e000-7fb36e920000 r--p 00000000 08:01 18594                      /usr/lib/x86_64-linux-gnu/ld-linux-x86-64.so.2
7fb36e920000-7fb36e94a000 r-xp 00002000 08:01 18594                      /usr/lib/x86_64-linux-gnu/ld-linux-x86-64.so.2
7fb36e94a000-7fb36e955000 r--p 0002c000 08:01 18594                      /usr/lib/x86_64-linux-gnu/ld-linux-x86-64.so.2
7fb36e955000-7fb36e956000 ---p 00000000 00:00 0 
7fb36e956000-7fb36e958000 r--p 00037000 08:01 18594                      /usr/lib/x86_64-linux-gnu/ld-linux-x86-64.so.2
7fb36e958000-7fb36e95a000 rw-p 00039000 08:01 18594                      /usr/lib/x86_64-linux-gnu/ld-linux-x86-64.so.2
7ffe808c6000-7ffe808e7000 rw-p 00000000 00:00 0                          [stack]
7ffe809af000-7ffe809b3000 r--p 00000000 00:00 0                          [vvar]
7ffe809b3000-7ffe809b5000 r-xp 00000000 00:00 0                          [vdso]
ffffffffff600000-ffffffffff601000 --xp 00000000 00:00 0                  [vsyscall]
Total number of mappings: 109


VM Arguments:
jvm_args: -Xms4G -Xmx4G 
java_command: server.jar nogui
java_class_path (initial): server.jar
Launcher Type: SUN_STANDARD

[Global flags]
     intx CICompilerCount                          = 2                                         {product} {ergonomic}
     uint ConcGCThreads                            = 1                                         {product} {ergonomic}
     uint G1ConcRefinementThreads                  = 2                                         {product} {ergonomic}
   size_t G1HeapRegionSize                         = 2097152                                   {product} {ergonomic}
    uintx GCDrainStackTargetSize                   = 64                                        {product} {ergonomic}
   size_t InitialHeapSize                          = 4294967296                                {product} {command line}
   size_t MarkStackSize                            = 4194304                                   {product} {ergonomic}
   size_t MaxHeapSize                              = 4294967296                                {product} {command line}
   size_t MinHeapDeltaBytes                        = 2097152                                   {product} {ergonomic}
   size_t MinHeapSize                              = 4294967296                                {product} {command line}
    uintx NonNMethodCodeHeapSize                   = 5826188                                {pd product} {ergonomic}
    uintx NonProfiledCodeHeapSize                  = 122916026                              {pd product} {ergonomic}
    uintx ProfiledCodeHeapSize                     = 122916026                              {pd product} {ergonomic}
    uintx ReservedCodeCacheSize                    = 251658240                              {pd product} {ergonomic}
     bool SegmentedCodeCache                       = true                                      {product} {ergonomic}
   size_t SoftMaxHeapSize                          = 4294967296                             {manageable} {ergonomic}
     bool UseCompressedOops                        = true                           {product lp64_product} {ergonomic}
     bool UseG1GC                                  = true                                      {product} {ergonomic}

Logging:
Log output configuration:
 #0: stdout all=warning uptime,level,tags foldmultilines=false
 #1: stderr all=off uptime,level,tags foldmultilines=false

Environment Variables:
PATH=/usr/local/sbin:/usr/local/bin:/usr/sbin:/usr/bin:/sbin:/bin:/usr/games:/usr/local/games:/snap/bin
SHELL=/bin/bash
LANG=en_US.UTF-8
TERM=linux

Active Locale:
LC_ALL=C
LC_COLLATE=C
LC_CTYPE=C
LC_MESSAGES=C
LC_MONETARY=C
LC_NUMERIC=C
LC_TIME=C

Signal Handlers:
   SIGSEGV: crash_handler in libjvm.so, mask=11100100010111111101111111111110, flags=SA_RESTART|SA_SIGINFO, unblocked
    SIGBUS: crash_handler in libjvm.so, mask=11100100010111111101111111111110, flags=SA_RESTART|SA_SIGINFO, unblocked
    SIGFPE: crash_handler in libjvm.so, mask=11100100010111111101111111111110, flags=SA_RESTART|SA_SIGINFO, unblocked
   SIGPIPE: javaSignalHandler in libjvm.so, mask=11100100010111111101111111111110, flags=SA_RESTART|SA_SIGINFO, blocked
   SIGXFSZ: javaSignalHandler in libjvm.so, mask=11100100010111111101111111111110, flags=SA_RESTART|SA_SIGINFO, blocked
    SIGILL: crash_handler in libjvm.so, mask=11100100010111111101111111111110, flags=SA_RESTART|SA_SIGINFO, unblocked
   SIGUSR2: SR_handler in libjvm.so, mask=00000000000000000000000000000000, flags=SA_RESTART|SA_SIGINFO, blocked
    SIGHUP: SIG_DFL, mask=00000000000000000000000000000000, flags=none, blocked
    SIGINT: SIG_DFL, mask=00000000000000000000000000000000, flags=none, blocked
   SIGTERM: SIG_DFL, mask=00000000000000000000000000000000, flags=none, blocked
   SIGQUIT: UserHandler in libjvm.so, mask=11100100010111111101111111111110, flags=SA_RESTART|SA_SIGINFO, blocked
   SIGTRAP: crash_handler in libjvm.so, mask=11100100010111111101111111111110, flags=SA_RESTART|SA_SIGINFO, unblocked


Periodic native trim disabled

---------------  S Y S T E M  ---------------

OS:
DISTRIB_ID=Ubuntu
DISTRIB_RELEASE=22.04
DISTRIB_CODENAME=jammy
DISTRIB_DESCRIPTION="Ubuntu 22.04.5 LTS"
uname: Linux 5.15.0-141-generic #151-Ubuntu SMP Sun May 18 21:35:19 UTC 2025 x86_64
OS uptime: 1 days 20:37 hours
libc: glibc 2.35 NPTL 2.35 
rlimit (soft/hard): STACK 8192k/infinity , CORE 0k/infinity , NPROC 15108/15108 , NOFILE 1048576/1048576 , AS infinity/infinity , CPU infinity/infinity , DATA infinity/infinity , FSIZE infinity/infinity , MEMLOCK 488436k/488436k
load average: 0.48 0.92 0.99

/proc/meminfo:
MemTotal:        3907504 kB
MemFree:         3374308 kB
MemAvailable:    3507988 kB
Buffers:            8248 kB
Cached:           335472 kB
SwapCached:            0 kB
Active:            76560 kB
Inactive:         313116 kB
Active(anon):        560 kB
Inactive(anon):    59412 kB
Active(file):      76000 kB
Inactive(file):   253704 kB
Unevictable:       31648 kB
Mlocked:           27648 kB
SwapTotal:             0 kB
SwapFree:              0 kB
Dirty:               312 kB
Writeback:             0 kB
AnonPages:         77792 kB
Mapped:            45868 kB
Shmem:              4860 kB
KReclaimable:      24116 kB
Slab:              55724 kB
SReclaimable:      24116 kB
SUnreclaim:        31608 kB
KernelStack:        2184 kB
PageTables:         2036 kB
NFS_Unstable:          0 kB
Bounce:                0 kB
WritebackTmp:          0 kB
CommitLimit:     1953752 kB
Committed_AS:     288860 kB
VmallocTotal:   34359738367 kB
VmallocUsed:       15632 kB
VmallocChunk:          0 kB
Percpu:             1120 kB
HardwareCorrupted:     0 kB
AnonHugePages:         0 kB
ShmemHugePages:        0 kB
ShmemPmdMapped:        0 kB
FileHugePages:         0 kB
FilePmdMapped:         0 kB
HugePages_Total:       0
HugePages_Free:        0
HugePages_Rsvd:        0
HugePages_Surp:        0
Hugepagesize:       2048 kB
Hugetlb:               0 kB
DirectMap4k:      147312 kB
DirectMap2M:     3948544 kB
DirectMap1G:           0 kB

/sys/kernel/mm/transparent_hugepage/enabled: always [madvise] never
/sys/kernel/mm/transparent_hugepage/hpage_pmd_size: 2097152
/sys/kernel/mm/transparent_hugepage/defrag (defrag/compaction efforts parameter): always defer defer+madvise [madvise] never

Process Memory:
Virtual Size: 803316K (peak: 5023836K)
Resident Set Size: 20748K (peak: 20748K) (anon: 6696K, file: 14052K, shmem: 0K)
Swapped out: 0K
C-Heap outstanding allocations: 9388K, retained: 599K
glibc malloc tunables: (default)

/proc/sys/kernel/threads-max (system-wide limit on the number of threads): 30216
/proc/sys/vm/max_map_count (maximum number of memory map areas a process may have): 65530
/proc/sys/vm/swappiness (control to define how aggressively the kernel swaps out anonymous memory): 60
/proc/sys/kernel/pid_max (system-wide limit on number of process identifiers): 4194304

container (cgroup) information:
container_type: cgroupv2
cpu_cpuset_cpus: not supported
cpu_memory_nodes: not supported
active_processor_count: 2
cpu_quota: not supported
cpu_period: not supported
cpu_shares: not supported
memory_limit_in_bytes: unlimited
memory_and_swap_limit_in_bytes: unlimited
memory_soft_limit_in_bytes: unlimited
memory_usage_in_bytes: 308608 k
memory_max_usage_in_bytes: not supported
memory_swap_current_in_bytes: unlimited
memory_swap_max_limit_in_bytes: unlimited
maximum number of tasks: unlimited
current number of tasks: 8

KVM virtualization detected
Steal ticks since vm start: 0
Steal ticks percentage since vm start:  0.000

CPU: total 2 (initial active 2) (2 cores per cpu, 1 threads per core) family 6 model 85 stepping 4 microcode 0x1, cx8, cmov, fxsr, mmx, 3dnowpref, sse, sse2, sse3, ssse3, sse4.1, sse4.2, popcnt, lzcnt, tsc, avx, avx2, aes, erms, clmul, bmi1, bmi2, rtm, adx, fma, vzeroupper, clflush, clwb, hv, rdtscp, f16c, pku, ospke
CPU Model and flags from /proc/cpuinfo:
model name	: Intel Xeon Processor (Skylake, IBRS)
flags		: fpu vme de pse tsc msr pae mce cx8 apic sep mtrr pge mca cmov pat pse36 clflush mmx fxsr sse sse2 ht syscall nx pdpe1gb rdtscp lm constant_tsc rep_good nopl xtopology cpuid tsc_known_freq pni pclmulqdq ssse3 fma cx16 pcid sse4_1 sse4_2 x2apic movbe popcnt tsc_deadline_timer aes xsave avx f16c rdrand hypervisor lahf_lm abm 3dnowprefetch cpuid_fault invpcid_single pti ssbd ibrs ibpb fsgsbase bmi1 hle avx2 smep bmi2 erms invpcid rtm avx512f avx512dq rdseed adx smap clwb avx512cd avx512bw avx512vl xsaveopt xsavec xgetbv1 arat pku ospke md_clear

Online cpus: 0-1
Offline cpus: 
BIOS frequency limitation: <Not Available>
Frequency switch latency (ns): <Not Available>
Available cpu frequencies: <Not Available>
Current governor: <Not Available>
Core performance/turbo boost: <Not Available>

Memory: 4k page, physical 3907504k(3507988k free), swap 0k(0k free)
Page Sizes: 4k

vm_info: OpenJDK 64-Bit Server VM (21.0.7+6-Ubuntu-0ubuntu122.04) for linux-amd64 JRE (21.0.7+6-Ubuntu-0ubuntu122.04), built on 2025-04-17T05:57:30Z by "buildd" with gcc 12.3.0

END.
