[02:20:08] [Server thread/INFO]: /45.95.147.247:61000 lost connection: Internal Exception: io.netty.handler.codec.DecoderException: java.io.IOException: Packet login/serverbound/minecraft:hello (PacketLoginInStart) was larger than I expected, found 1 bytes extra whilst reading packet serverbound/minecraft:hello
[08:10:45] [Server thread/INFO]: /45.95.147.247:61000 lost connection: Internal Exception: io.netty.handler.codec.DecoderException: java.io.IOException: Packet login/serverbound/minecraft:hello (PacketLoginInStart) was larger than I expected, found 1 bytes extra whilst reading packet serverbound/minecraft:hello
[09:21:51] [Server thread/INFO]: /45.95.147.247:61000 lost connection: Internal Exception: io.netty.handler.codec.DecoderException: java.io.IOException: Packet login/serverbound/minecraft:hello (PacketLoginInStart) was larger than I expected, found 1 bytes extra whilst reading packet serverbound/minecraft:hello
[16:24:43] [User Authenticator #9/INFO]: UUID of player rasusibtisam is 07178ce3-fc36-4e39-a059-98ba74220cf2
[16:24:44] [Server thread/INFO]: rasusibtisam joined the game
[16:24:44] [Server thread/INFO]: rasusibtisam[/178.120.58.68:2529] logged in with entity id 47230 at ([world]-1447.020086180751, 70.0, 3551.9962824778995)
[16:24:45] [Server thread/INFO]: [voicechat] Received secret request of rasusibtisam (18)
[16:24:45] [Server thread/INFO]: [voicechat] Sent secret to rasusibtisam
[16:24:45] [VoiceChatPacketProcessingThread/INFO]: [voicechat] Successfully authenticated player 07178ce3-fc36-4e39-a059-98ba74220cf2
[16:24:46] [VoiceChatPacketProcessingThread/INFO]: [voicechat] Successfully validated connection of player 07178ce3-fc36-4e39-a059-98ba74220cf2
[16:24:46] [VoiceChatPacketProcessingThread/INFO]: [voicechat] Player rasusibtisam (07178ce3-fc36-4e39-a059-98ba74220cf2) successfully connected to voice chat
[16:25:19] [Server thread/INFO]: rasusibtisam lost connection: Disconnected
[16:25:19] [Server thread/INFO]: [voicechat] Disconnecting client rasusibtisam
[16:25:19] [Server thread/INFO]: rasusibtisam left the game
[16:25:25] [Server thread/INFO]: Stopping the server
[16:25:25] [Server thread/INFO]: Stopping server
[16:25:25] [Server thread/INFO]: [ChunkyBorder] Disabling ChunkyBorder v1.2.23
[16:25:25] [Server thread/INFO]: [Chunky] Disabling Chunky v1.4.40
[16:25:25] [Server thread/INFO]: [Handcuff] Disabling Handcuff v1.3
[16:25:25] [Server thread/INFO]: [SkinsRestorer] Disabling SkinsRestorer v15.7.8
[16:25:25] [Server thread/INFO]: [voicechat] Disabling voicechat v2.5.35
[16:25:25] [Server thread/INFO]: [LuckPerms] Disabling LuckPerms v5.5.10
[16:25:25] [Server thread/INFO]: [LuckPerms] Starting shutdown process...
[16:25:25] [Server thread/INFO]: [LuckPerms] Closing storage...
[16:25:25] [Server thread/INFO]: [LuckPerms] Goodbye!
[16:25:25] [Server thread/INFO]: Saving players
[16:25:25] [Server thread/INFO]: Saving worlds
[16:25:25] [Server thread/INFO]: Saving chunks for level 'ServerLevel[world]'/minecraft:overworld
[16:25:26] [Server thread/INFO]: Saving chunks for level 'ServerLevel[world_nether]'/minecraft:the_nether
[16:25:26] [Server thread/INFO]: Saving chunks for level 'ServerLevel[world_the_end]'/minecraft:the_end
[16:25:26] [Server thread/INFO]: ThreadedAnvilChunkStorage (world): All chunks are saved
[16:25:26] [Server thread/INFO]: ThreadedAnvilChunkStorage (DIM-1): All chunks are saved
[16:25:26] [Server thread/INFO]: ThreadedAnvilChunkStorage (DIM1): All chunks are saved
[16:25:26] [Server thread/INFO]: ThreadedAnvilChunkStorage: All dimensions are saved
